\BOOKMARK [1][-]{section.1}{\376\377\000I\000n\000t\000r\000o\000d\000u\000c\000t\000i\000o\000n}{}% 1
\BOOKMARK [2][-]{subsection.1.1}{\376\377\000F\000u\000t\000u\000r\000e\000\040\000V\000i\000s\000i\000o\000n}{section.1}% 2
\BOOKMARK [2][-]{subsection.1.2}{\376\377\000N\000o\000v\000e\000l\000t\000y\000\040\000o\000f\000\040\000T\000h\000i\000s\000\040\000W\000o\000r\000k}{section.1}% 3
\BOOKMARK [1][-]{section.2}{\376\377\000M\000e\000t\000h\000o\000d\000s\000\040\000a\000n\000d\000\040\000R\000e\000s\000u\000l\000t\000s}{}% 4
\BOOKMARK [2][-]{subsection.2.1}{\376\377\000S\000p\000e\000c\000t\000r\000o\000s\000c\000o\000p\000y}{section.2}% 5
\BOOKMARK [3][-]{subsubsection.2.1.1}{\376\377\000I\000R\000\040\000S\000p\000e\000c\000t\000r\000o\000s\000c\000o\000p\000y}{subsection.2.1}% 6
\BOOKMARK [3][-]{subsubsection.2.1.2}{\376\377\000R\000a\000m\000a\000n\000\040\000S\000p\000e\000c\000t\000r\000o\000s\000c\000o\000p\000y}{subsection.2.1}% 7
\BOOKMARK [3][-]{subsubsection.2.1.3}{\376\377\000T\000P\000E\000F}{subsection.2.1}% 8
\BOOKMARK [3][-]{subsubsection.2.1.4}{\376\377\000S\000H\000G}{subsection.2.1}% 9
\BOOKMARK [2][-]{subsection.2.2}{\376\377\000D\000e\000e\000p\000\040\000L\000e\000a\000r\000n\000i\000n\000g\000\040\000M\000e\000t\000h\000o\000d\000s\000\040\000f\000o\000r\000\040\000S\000p\000e\000c\000t\000r\000a\000l\000\040\000C\000l\000a\000s\000s\000i\000f\000i\000c\000a\000t\000i\000o\000n}{section.2}% 10
\BOOKMARK [3][-]{subsubsection.2.2.1}{\376\377\000D\000a\000t\000a\000s\000e\000t\000\040\000C\000h\000a\000l\000l\000e\000n\000g\000e\000s}{subsection.2.2}% 11
\BOOKMARK [3][-]{subsubsection.2.2.2}{\376\377\000D\000e\000-\000n\000o\000i\000s\000i\000n\000g\000\040\000M\000e\000t\000h\000o\000d\000s}{subsection.2.2}% 12
\BOOKMARK [3][-]{subsubsection.2.2.3}{\376\377\000E\000v\000a\000l\000u\000a\000t\000i\000o\000n\000\040\000M\000e\000t\000r\000i\000c\000s}{subsection.2.2}% 13
\BOOKMARK [3][-]{subsubsection.2.2.4}{\376\377\000R\000e\000g\000u\000l\000a\000r\000i\000s\000a\000t\000i\000o\000n\000\040\000T\000e\000c\000h\000n\000i\000q\000u\000e\000s}{subsection.2.2}% 14
\BOOKMARK [2][-]{subsection.2.3}{\376\377\000E\000x\000p\000l\000a\000i\000n\000a\000b\000i\000l\000i\000t\000y}{section.2}% 15
\BOOKMARK [3][-]{subsubsection.2.3.1}{\376\377\000L\000o\000c\000a\000l\000\040\000I\000n\000t\000e\000r\000p\000r\000e\000t\000a\000b\000l\000e\000\040\000M\000o\000d\000e\000l\000-\000A\000g\000n\000o\000s\000t\000i\000c\000\040\000E\000x\000p\000l\000a\000n\000a\000t\000i\000o\000n\000s}{subsection.2.3}% 16
\BOOKMARK [3][-]{subsubsection.2.3.2}{\376\377\000C\000R\000I\000M\000E}{subsection.2.3}% 17
\BOOKMARK [3][-]{subsubsection.2.3.3}{\376\377\000V\000A\000E\000\040\000M\000e\000t\000h\000o\000d\000s}{subsection.2.3}% 18
\BOOKMARK [1][-]{section.3}{\376\377\000R\000e\000s\000u\000l\000t\000s}{}% 19
\BOOKMARK [1][-]{section.4}{\376\377\000D\000i\000s\000c\000u\000s\000s\000i\000o\000n}{}% 20
\BOOKMARK [1][-]{section.5}{\376\377\000C\000o\000n\000c\000l\000u\000s\000i\000o\000n\000s}{}% 21
\BOOKMARK [1][-]{section.6}{\376\377\000I\000n\000t\000r\000o\000d\000u\000c\000t\000i\000o\000n}{}% 22
\BOOKMARK [2][-]{subsection.6.1}{\376\377\000C\000o\000l\000l\000a\000b\000o\000r\000a\000t\000o\000r\000s}{section.6}% 23
\BOOKMARK [2][-]{subsection.6.2}{\376\377\000P\000r\000e\000v\000i\000o\000u\000s\000\040\000W\000o\000r\000k\000s}{section.6}% 24
\BOOKMARK [2][-]{subsection.6.3}{\376\377\000T\000h\000i\000s\000\040\000W\000o\000r\000k}{section.6}% 25
\BOOKMARK [1][-]{section.7}{\376\377\000B\000a\000c\000k\000g\000r\000o\000u\000n\000d}{}% 26
\BOOKMARK [2][-]{subsection.7.1}{\376\377\000S\000p\000e\000c\000t\000r\000o\000s\000c\000o\000p\000y}{section.7}% 27
\BOOKMARK [3][-]{subsubsection.7.1.1}{\376\377\000R\000a\000m\000a\000n\000\040\000S\000p\000e\000c\000t\000r\000o\000s\000c\000o\000p\000y}{subsection.7.1}% 28
\BOOKMARK [3][-]{subsubsection.7.1.2}{\376\377\000S\000e\000c\000o\000n\000d\000\040\000H\000a\000r\000m\000o\000n\000i\000c\000\040\000G\000e\000n\000e\000r\000a\000t\000i\000o\000n\000\040\000a\000n\000d\000\040\000T\000w\000o\000-\000P\000h\000o\000t\000o\000n\000\040\000E\000x\000c\000i\000t\000a\000t\000i\000o\000n\000\040\000M\000i\000c\000r\000o\000s\000c\000o\000p\000i\000e\000s}{subsection.7.1}% 29
\BOOKMARK [3][-]{subsubsection.7.1.3}{\376\377\000F\000o\000u\000r\000i\000e\000r\000\040\000T\000r\000a\000n\000s\000f\000o\000r\000m\000\040\000I\000n\000f\000r\000a\000r\000e\000d\000\040\000\050\000F\000T\000I\000R\000\051\000\040\000S\000p\000e\000c\000t\000r\000o\000s\000c\000o\000p\000y}{subsection.7.1}% 30
\BOOKMARK [2][-]{subsection.7.2}{\376\377\000G\000r\000a\000p\000h\000\040\000N\000e\000u\000r\000a\000l\000\040\000N\000e\000t\000w\000o\000r\000k\000s}{section.7}% 31
\BOOKMARK [1][-]{section.8}{\376\377\000P\000r\000o\000j\000e\000c\000t\000\040\000S\000t\000a\000t\000u\000s}{}% 32
\BOOKMARK [2][-]{subsection.8.1}{\376\377\000P\000l\000a\000n}{section.8}% 33
\BOOKMARK [2][-]{subsection.8.2}{\376\377\000P\000r\000o\000g\000r\000e\000s\000s}{section.8}% 34
\BOOKMARK [2][-]{subsection.8.3}{\376\377\000E\000x\000t\000e\000n\000s\000i\000o\000n\000s}{section.8}% 35
\BOOKMARK [1][-]{section.9}{\376\377\000C\000o\000n\000c\000l\000u\000s\000i\000o\000n}{}% 36
